[2024-10-28T11:02:56.363173+00:00] orangehrm.ERROR:  [] []
[2024-10-28T11:02:56.363434+00:00] orangehrm.ERROR: #0 /var/www/html/orangehrm/hr/src/vendor/symfony/event-dispatcher/EventDispatcher.php(230): OrangeHRM\Time\Subscriber\TimesheetPeriodSubscriber->onRequestEvent() #1 /var/www/html/orangehrm/hr/src/vendor/symfony/event-dispatcher/EventDispatcher.php(59): Symfony\Component\EventDispatcher\EventDispatcher->callListeners() #2 /var/www/html/orangehrm/hr/src/vendor/symfony/http-kernel/HttpKernel.php(139): Symfony\Component\EventDispatcher\EventDispatcher->dispatch() #3 /var/www/html/orangehrm/hr/src/vendor/symfony/http-kernel/HttpKernel.php(75): Symfony\Component\HttpKernel\HttpKernel->handleRaw() #4 /var/www/html/orangehrm/hr/src/lib/framework/Framework.php(156): Symfony\Component\HttpKernel\HttpKernel->handle() #5 /var/www/html/orangehrm/hr/web/index.php(41): OrangeHRM\Framework\Framework->handleRequest() #6 {main} [] []
[2024-10-28T12:19:13.626943+00:00] orangehrm.ERROR:  [] []
[2024-10-28T12:19:13.627164+00:00] orangehrm.ERROR: #0 /var/www/html/orangehrm/hr/src/vendor/symfony/event-dispatcher/EventDispatcher.php(230): OrangeHRM\Authentication\Subscriber\AuthenticationSubscriber->onControllerEvent() #1 /var/www/html/orangehrm/hr/src/vendor/symfony/event-dispatcher/EventDispatcher.php(59): Symfony\Component\EventDispatcher\EventDispatcher->callListeners() #2 /var/www/html/orangehrm/hr/src/vendor/symfony/http-kernel/HttpKernel.php(151): Symfony\Component\EventDispatcher\EventDispatcher->dispatch() #3 /var/www/html/orangehrm/hr/src/vendor/symfony/http-kernel/HttpKernel.php(75): Symfony\Component\HttpKernel\HttpKernel->handleRaw() #4 /var/www/html/orangehrm/hr/src/lib/framework/Framework.php(156): Symfony\Component\HttpKernel\HttpKernel->handle() #5 /var/www/html/orangehrm/hr/web/index.php(41): OrangeHRM\Framework\Framework->handleRequest() #6 {main} [] []
[2024-10-28T13:03:04.414545+00:00] orangehrm.ERROR:  [] []
[2024-10-28T13:03:04.414752+00:00] orangehrm.ERROR: #0 /var/www/html/orangehrm/hr/src/vendor/symfony/event-dispatcher/EventDispatcher.php(230): OrangeHRM\Authentication\Subscriber\AuthenticationSubscriber->onControllerEvent() #1 /var/www/html/orangehrm/hr/src/vendor/symfony/event-dispatcher/EventDispatcher.php(59): Symfony\Component\EventDispatcher\EventDispatcher->callListeners() #2 /var/www/html/orangehrm/hr/src/vendor/symfony/http-kernel/HttpKernel.php(151): Symfony\Component\EventDispatcher\EventDispatcher->dispatch() #3 /var/www/html/orangehrm/hr/src/vendor/symfony/http-kernel/HttpKernel.php(75): Symfony\Component\HttpKernel\HttpKernel->handleRaw() #4 /var/www/html/orangehrm/hr/src/lib/framework/Framework.php(156): Symfony\Component\HttpKernel\HttpKernel->handle() #5 /var/www/html/orangehrm/hr/web/index.php(41): OrangeHRM\Framework\Framework->handleRequest() #6 {main} [] []
[2024-10-28T13:35:23.460679+00:00] orangehrm.ERROR:  [] []
[2024-10-28T13:35:23.460926+00:00] orangehrm.ERROR: #0 /var/www/html/orangehrm/hr/src/vendor/symfony/event-dispatcher/EventDispatcher.php(230): OrangeHRM\Authentication\Subscriber\AuthenticationSubscriber->onControllerEvent() #1 /var/www/html/orangehrm/hr/src/vendor/symfony/event-dispatcher/EventDispatcher.php(59): Symfony\Component\EventDispatcher\EventDispatcher->callListeners() #2 /var/www/html/orangehrm/hr/src/vendor/symfony/http-kernel/HttpKernel.php(151): Symfony\Component\EventDispatcher\EventDispatcher->dispatch() #3 /var/www/html/orangehrm/hr/src/vendor/symfony/http-kernel/HttpKernel.php(75): Symfony\Component\HttpKernel\HttpKernel->handleRaw() #4 /var/www/html/orangehrm/hr/src/lib/framework/Framework.php(156): Symfony\Component\HttpKernel\HttpKernel->handle() #5 /var/www/html/orangehrm/hr/web/index.php(41): OrangeHRM\Framework\Framework->handleRequest() #6 {main} [] []
[2024-10-28T15:43:11.899196+00:00] orangehrm.ERROR:  [] []
[2024-10-28T15:43:11.901172+00:00] orangehrm.ERROR: #0 /var/www/html/orangehrm/hr/src/vendor/symfony/event-dispatcher/EventDispatcher.php(230): OrangeHRM\Time\Subscriber\TimesheetPeriodSubscriber->onRequestEvent() #1 /var/www/html/orangehrm/hr/src/vendor/symfony/event-dispatcher/EventDispatcher.php(59): Symfony\Component\EventDispatcher\EventDispatcher->callListeners() #2 /var/www/html/orangehrm/hr/src/vendor/symfony/http-kernel/HttpKernel.php(139): Symfony\Component\EventDispatcher\EventDispatcher->dispatch() #3 /var/www/html/orangehrm/hr/src/vendor/symfony/http-kernel/HttpKernel.php(75): Symfony\Component\HttpKernel\HttpKernel->handleRaw() #4 /var/www/html/orangehrm/hr/src/lib/framework/Framework.php(156): Symfony\Component\HttpKernel\HttpKernel->handle() #5 /var/www/html/orangehrm/hr/web/index.php(41): OrangeHRM\Framework\Framework->handleRequest() #6 {main} [] []
[2024-10-28T15:47:15.767115+00:00] orangehrm.ERROR:  [] []
[2024-10-28T15:47:15.767317+00:00] orangehrm.ERROR: #0 /var/www/html/orangehrm/hr/src/vendor/symfony/event-dispatcher/EventDispatcher.php(230): OrangeHRM\Time\Subscriber\TimesheetPeriodSubscriber->onRequestEvent() #1 /var/www/html/orangehrm/hr/src/vendor/symfony/event-dispatcher/EventDispatcher.php(59): Symfony\Component\EventDispatcher\EventDispatcher->callListeners() #2 /var/www/html/orangehrm/hr/src/vendor/symfony/http-kernel/HttpKernel.php(139): Symfony\Component\EventDispatcher\EventDispatcher->dispatch() #3 /var/www/html/orangehrm/hr/src/vendor/symfony/http-kernel/HttpKernel.php(75): Symfony\Component\HttpKernel\HttpKernel->handleRaw() #4 /var/www/html/orangehrm/hr/src/lib/framework/Framework.php(156): Symfony\Component\HttpKernel\HttpKernel->handle() #5 /var/www/html/orangehrm/hr/web/index.php(41): OrangeHRM\Framework\Framework->handleRequest() #6 {main} [] []
[2024-10-28T16:33:48.661995+00:00] orangehrm.ERROR:  [] []
[2024-10-28T16:33:48.662351+00:00] orangehrm.ERROR: #0 /var/www/html/orangehrm/hr/src/vendor/symfony/event-dispatcher/EventDispatcher.php(230): OrangeHRM\Authentication\Subscriber\AuthenticationSubscriber->onControllerEvent() #1 /var/www/html/orangehrm/hr/src/vendor/symfony/event-dispatcher/EventDispatcher.php(59): Symfony\Component\EventDispatcher\EventDispatcher->callListeners() #2 /var/www/html/orangehrm/hr/src/vendor/symfony/http-kernel/HttpKernel.php(151): Symfony\Component\EventDispatcher\EventDispatcher->dispatch() #3 /var/www/html/orangehrm/hr/src/vendor/symfony/http-kernel/HttpKernel.php(75): Symfony\Component\HttpKernel\HttpKernel->handleRaw() #4 /var/www/html/orangehrm/hr/src/lib/framework/Framework.php(156): Symfony\Component\HttpKernel\HttpKernel->handle() #5 /var/www/html/orangehrm/hr/web/index.php(41): OrangeHRM\Framework\Framework->handleRequest() #6 {main} [] []
[2024-10-28T17:17:32.406490+00:00] orangehrm.ERROR:  [] []
[2024-10-28T17:17:32.406723+00:00] orangehrm.ERROR: #0 /var/www/html/orangehrm/hr/src/vendor/symfony/event-dispatcher/EventDispatcher.php(230): OrangeHRM\Authentication\Subscriber\AuthenticationSubscriber->onControllerEvent() #1 /var/www/html/orangehrm/hr/src/vendor/symfony/event-dispatcher/EventDispatcher.php(59): Symfony\Component\EventDispatcher\EventDispatcher->callListeners() #2 /var/www/html/orangehrm/hr/src/vendor/symfony/http-kernel/HttpKernel.php(151): Symfony\Component\EventDispatcher\EventDispatcher->dispatch() #3 /var/www/html/orangehrm/hr/src/vendor/symfony/http-kernel/HttpKernel.php(75): Symfony\Component\HttpKernel\HttpKernel->handleRaw() #4 /var/www/html/orangehrm/hr/src/lib/framework/Framework.php(156): Symfony\Component\HttpKernel\HttpKernel->handle() #5 /var/www/html/orangehrm/hr/web/index.php(41): OrangeHRM\Framework\Framework->handleRequest() #6 {main} [] []
[2024-10-29T09:58:29.586875+00:00] orangehrm.ERROR:  [] []
[2024-10-29T09:58:29.589010+00:00] orangehrm.ERROR: #0 /var/www/html/orangehrm/hr/src/vendor/symfony/event-dispatcher/EventDispatcher.php(230): OrangeHRM\Time\Subscriber\TimesheetPeriodSubscriber->onRequestEvent() #1 /var/www/html/orangehrm/hr/src/vendor/symfony/event-dispatcher/EventDispatcher.php(59): Symfony\Component\EventDispatcher\EventDispatcher->callListeners() #2 /var/www/html/orangehrm/hr/src/vendor/symfony/http-kernel/HttpKernel.php(139): Symfony\Component\EventDispatcher\EventDispatcher->dispatch() #3 /var/www/html/orangehrm/hr/src/vendor/symfony/http-kernel/HttpKernel.php(75): Symfony\Component\HttpKernel\HttpKernel->handleRaw() #4 /var/www/html/orangehrm/hr/src/lib/framework/Framework.php(156): Symfony\Component\HttpKernel\HttpKernel->handle() #5 /var/www/html/orangehrm/hr/web/index.php(41): OrangeHRM\Framework\Framework->handleRequest() #6 {main} [] []
[2024-10-29T10:25:00.990141+00:00] orangehrm.ERROR:  [] []
[2024-10-29T10:25:00.990555+00:00] orangehrm.ERROR: #0 /var/www/html/orangehrm/hr/src/vendor/symfony/event-dispatcher/EventDispatcher.php(230): OrangeHRM\Time\Subscriber\TimesheetPeriodSubscriber->onRequestEvent() #1 /var/www/html/orangehrm/hr/src/vendor/symfony/event-dispatcher/EventDispatcher.php(59): Symfony\Component\EventDispatcher\EventDispatcher->callListeners() #2 /var/www/html/orangehrm/hr/src/vendor/symfony/http-kernel/HttpKernel.php(139): Symfony\Component\EventDispatcher\EventDispatcher->dispatch() #3 /var/www/html/orangehrm/hr/src/vendor/symfony/http-kernel/HttpKernel.php(75): Symfony\Component\HttpKernel\HttpKernel->handleRaw() #4 /var/www/html/orangehrm/hr/src/lib/framework/Framework.php(156): Symfony\Component\HttpKernel\HttpKernel->handle() #5 /var/www/html/orangehrm/hr/web/index.php(41): OrangeHRM\Framework\Framework->handleRequest() #6 {main} [] []
[2024-10-29T11:47:36.057462+00:00] orangehrm.ERROR:  [] []
[2024-10-29T11:47:36.057751+00:00] orangehrm.ERROR: #0 /var/www/html/orangehrm/hr/src/vendor/symfony/event-dispatcher/EventDispatcher.php(230): OrangeHRM\Time\Subscriber\TimesheetPeriodSubscriber->onRequestEvent() #1 /var/www/html/orangehrm/hr/src/vendor/symfony/event-dispatcher/EventDispatcher.php(59): Symfony\Component\EventDispatcher\EventDispatcher->callListeners() #2 /var/www/html/orangehrm/hr/src/vendor/symfony/http-kernel/HttpKernel.php(139): Symfony\Component\EventDispatcher\EventDispatcher->dispatch() #3 /var/www/html/orangehrm/hr/src/vendor/symfony/http-kernel/HttpKernel.php(75): Symfony\Component\HttpKernel\HttpKernel->handleRaw() #4 /var/www/html/orangehrm/hr/src/lib/framework/Framework.php(156): Symfony\Component\HttpKernel\HttpKernel->handle() #5 /var/www/html/orangehrm/hr/web/index.php(41): OrangeHRM\Framework\Framework->handleRequest() #6 {main} [] []
[2024-10-29T12:41:47.249001+00:00] orangehrm.ERROR: Session expired [] []
[2024-10-29T12:41:47.249247+00:00] orangehrm.ERROR: #0 /var/www/html/orangehrm/hr/src/vendor/symfony/event-dispatcher/EventDispatcher.php(230): OrangeHRM\Authentication\Subscriber\AuthenticationSubscriber->onControllerEvent() #1 /var/www/html/orangehrm/hr/src/vendor/symfony/event-dispatcher/EventDispatcher.php(59): Symfony\Component\EventDispatcher\EventDispatcher->callListeners() #2 /var/www/html/orangehrm/hr/src/vendor/symfony/http-kernel/HttpKernel.php(151): Symfony\Component\EventDispatcher\EventDispatcher->dispatch() #3 /var/www/html/orangehrm/hr/src/vendor/symfony/http-kernel/HttpKernel.php(75): Symfony\Component\HttpKernel\HttpKernel->handleRaw() #4 /var/www/html/orangehrm/hr/src/lib/framework/Framework.php(156): Symfony\Component\HttpKernel\HttpKernel->handle() #5 /var/www/html/orangehrm/hr/web/index.php(41): OrangeHRM\Framework\Framework->handleRequest() #6 {main} [] []
[2024-10-29T12:41:47.433139+00:00] orangehrm.ERROR:  [] []
[2024-10-29T12:41:47.433307+00:00] orangehrm.ERROR: #0 /var/www/html/orangehrm/hr/src/vendor/symfony/event-dispatcher/EventDispatcher.php(230): OrangeHRM\Authentication\Subscriber\AuthenticationSubscriber->onControllerEvent() #1 /var/www/html/orangehrm/hr/src/vendor/symfony/event-dispatcher/EventDispatcher.php(59): Symfony\Component\EventDispatcher\EventDispatcher->callListeners() #2 /var/www/html/orangehrm/hr/src/vendor/symfony/http-kernel/HttpKernel.php(151): Symfony\Component\EventDispatcher\EventDispatcher->dispatch() #3 /var/www/html/orangehrm/hr/src/vendor/symfony/http-kernel/HttpKernel.php(75): Symfony\Component\HttpKernel\HttpKernel->handleRaw() #4 /var/www/html/orangehrm/hr/src/lib/framework/Framework.php(156): Symfony\Component\HttpKernel\HttpKernel->handle() #5 /var/www/html/orangehrm/hr/web/index.php(41): OrangeHRM\Framework\Framework->handleRequest() #6 {main} [] []
[2024-10-29T13:01:44.309590+00:00] orangehrm.ERROR:  [] []
[2024-10-29T13:01:44.309889+00:00] orangehrm.ERROR: #0 /var/www/html/orangehrm/hr/src/vendor/symfony/event-dispatcher/EventDispatcher.php(230): OrangeHRM\Time\Subscriber\TimesheetPeriodSubscriber->onRequestEvent() #1 /var/www/html/orangehrm/hr/src/vendor/symfony/event-dispatcher/EventDispatcher.php(59): Symfony\Component\EventDispatcher\EventDispatcher->callListeners() #2 /var/www/html/orangehrm/hr/src/vendor/symfony/http-kernel/HttpKernel.php(139): Symfony\Component\EventDispatcher\EventDispatcher->dispatch() #3 /var/www/html/orangehrm/hr/src/vendor/symfony/http-kernel/HttpKernel.php(75): Symfony\Component\HttpKernel\HttpKernel->handleRaw() #4 /var/www/html/orangehrm/hr/src/lib/framework/Framework.php(156): Symfony\Component\HttpKernel\HttpKernel->handle() #5 /var/www/html/orangehrm/hr/web/index.php(41): OrangeHRM\Framework\Framework->handleRequest() #6 {main} [] []
[2024-10-29T13:03:17.145091+00:00] orangehrm.ERROR:  [] []
[2024-10-29T13:03:17.145290+00:00] orangehrm.ERROR: #0 /var/www/html/orangehrm/hr/src/vendor/symfony/event-dispatcher/EventDispatcher.php(230): OrangeHRM\Time\Subscriber\TimesheetPeriodSubscriber->onRequestEvent() #1 /var/www/html/orangehrm/hr/src/vendor/symfony/event-dispatcher/EventDispatcher.php(59): Symfony\Component\EventDispatcher\EventDispatcher->callListeners() #2 /var/www/html/orangehrm/hr/src/vendor/symfony/http-kernel/HttpKernel.php(139): Symfony\Component\EventDispatcher\EventDispatcher->dispatch() #3 /var/www/html/orangehrm/hr/src/vendor/symfony/http-kernel/HttpKernel.php(75): Symfony\Component\HttpKernel\HttpKernel->handleRaw() #4 /var/www/html/orangehrm/hr/src/lib/framework/Framework.php(156): Symfony\Component\HttpKernel\HttpKernel->handle() #5 /var/www/html/orangehrm/hr/web/index.php(41): OrangeHRM\Framework\Framework->handleRequest() #6 {main} [] []
[2024-10-29T13:11:39.928759+00:00] orangehrm.ERROR:  [] []
[2024-10-29T13:11:39.928991+00:00] orangehrm.ERROR: #0 /var/www/html/orangehrm/hr/src/vendor/symfony/event-dispatcher/EventDispatcher.php(230): OrangeHRM\Time\Subscriber\TimesheetPeriodSubscriber->onRequestEvent() #1 /var/www/html/orangehrm/hr/src/vendor/symfony/event-dispatcher/EventDispatcher.php(59): Symfony\Component\EventDispatcher\EventDispatcher->callListeners() #2 /var/www/html/orangehrm/hr/src/vendor/symfony/http-kernel/HttpKernel.php(139): Symfony\Component\EventDispatcher\EventDispatcher->dispatch() #3 /var/www/html/orangehrm/hr/src/vendor/symfony/http-kernel/HttpKernel.php(75): Symfony\Component\HttpKernel\HttpKernel->handleRaw() #4 /var/www/html/orangehrm/hr/src/lib/framework/Framework.php(156): Symfony\Component\HttpKernel\HttpKernel->handle() #5 /var/www/html/orangehrm/hr/web/index.php(41): OrangeHRM\Framework\Framework->handleRequest() #6 {main} [] []
[2024-10-29T13:12:20.418022+00:00] orangehrm.ERROR:  [] []
[2024-10-29T13:12:20.418244+00:00] orangehrm.ERROR: #0 /var/www/html/orangehrm/hr/src/vendor/symfony/event-dispatcher/EventDispatcher.php(230): OrangeHRM\Time\Subscriber\TimesheetPeriodSubscriber->onRequestEvent() #1 /var/www/html/orangehrm/hr/src/vendor/symfony/event-dispatcher/EventDispatcher.php(59): Symfony\Component\EventDispatcher\EventDispatcher->callListeners() #2 /var/www/html/orangehrm/hr/src/vendor/symfony/http-kernel/HttpKernel.php(139): Symfony\Component\EventDispatcher\EventDispatcher->dispatch() #3 /var/www/html/orangehrm/hr/src/vendor/symfony/http-kernel/HttpKernel.php(75): Symfony\Component\HttpKernel\HttpKernel->handleRaw() #4 /var/www/html/orangehrm/hr/src/lib/framework/Framework.php(156): Symfony\Component\HttpKernel\HttpKernel->handle() #5 /var/www/html/orangehrm/hr/web/index.php(41): OrangeHRM\Framework\Framework->handleRequest() #6 {main} [] []
[2024-10-29T13:13:16.656990+00:00] orangehrm.ERROR:  [] []
[2024-10-29T13:13:16.657242+00:00] orangehrm.ERROR: #0 /var/www/html/orangehrm/hr/src/vendor/symfony/event-dispatcher/EventDispatcher.php(230): OrangeHRM\Time\Subscriber\TimesheetPeriodSubscriber->onRequestEvent() #1 /var/www/html/orangehrm/hr/src/vendor/symfony/event-dispatcher/EventDispatcher.php(59): Symfony\Component\EventDispatcher\EventDispatcher->callListeners() #2 /var/www/html/orangehrm/hr/src/vendor/symfony/http-kernel/HttpKernel.php(139): Symfony\Component\EventDispatcher\EventDispatcher->dispatch() #3 /var/www/html/orangehrm/hr/src/vendor/symfony/http-kernel/HttpKernel.php(75): Symfony\Component\HttpKernel\HttpKernel->handleRaw() #4 /var/www/html/orangehrm/hr/src/lib/framework/Framework.php(156): Symfony\Component\HttpKernel\HttpKernel->handle() #5 /var/www/html/orangehrm/hr/web/index.php(41): OrangeHRM\Framework\Framework->handleRequest() #6 {main} [] []
[2024-10-30T11:09:40.935326+00:00] orangehrm.ERROR:  [] []
[2024-10-30T11:09:40.937389+00:00] orangehrm.ERROR: #0 /var/www/html/orangehrm/hr/src/vendor/symfony/event-dispatcher/EventDispatcher.php(230): OrangeHRM\Authentication\Subscriber\AuthenticationSubscriber->onControllerEvent() #1 /var/www/html/orangehrm/hr/src/vendor/symfony/event-dispatcher/EventDispatcher.php(59): Symfony\Component\EventDispatcher\EventDispatcher->callListeners() #2 /var/www/html/orangehrm/hr/src/vendor/symfony/http-kernel/HttpKernel.php(151): Symfony\Component\EventDispatcher\EventDispatcher->dispatch() #3 /var/www/html/orangehrm/hr/src/vendor/symfony/http-kernel/HttpKernel.php(75): Symfony\Component\HttpKernel\HttpKernel->handleRaw() #4 /var/www/html/orangehrm/hr/src/lib/framework/Framework.php(156): Symfony\Component\HttpKernel\HttpKernel->handle() #5 /var/www/html/orangehrm/hr/web/index.php(41): OrangeHRM\Framework\Framework->handleRequest() #6 {main} [] []
[2024-10-30T12:26:30.684506+00:00] orangehrm.ERROR:  [] []
[2024-10-30T12:26:30.684744+00:00] orangehrm.ERROR: #0 /var/www/html/orangehrm/hr/src/vendor/symfony/event-dispatcher/EventDispatcher.php(230): OrangeHRM\Authentication\Subscriber\AuthenticationSubscriber->onControllerEvent() #1 /var/www/html/orangehrm/hr/src/vendor/symfony/event-dispatcher/EventDispatcher.php(59): Symfony\Component\EventDispatcher\EventDispatcher->callListeners() #2 /var/www/html/orangehrm/hr/src/vendor/symfony/http-kernel/HttpKernel.php(151): Symfony\Component\EventDispatcher\EventDispatcher->dispatch() #3 /var/www/html/orangehrm/hr/src/vendor/symfony/http-kernel/HttpKernel.php(75): Symfony\Component\HttpKernel\HttpKernel->handleRaw() #4 /var/www/html/orangehrm/hr/src/lib/framework/Framework.php(156): Symfony\Component\HttpKernel\HttpKernel->handle() #5 /var/www/html/orangehrm/hr/web/index.php(41): OrangeHRM\Framework\Framework->handleRequest() #6 {main} [] []
[2024-10-30T13:35:46.534040+00:00] orangehrm.ERROR:  [] []
[2024-10-30T13:35:46.534405+00:00] orangehrm.ERROR: #0 /var/www/html/orangehrm/hr/src/vendor/symfony/event-dispatcher/EventDispatcher.php(230): OrangeHRM\Authentication\Subscriber\AuthenticationSubscriber->onControllerEvent() #1 /var/www/html/orangehrm/hr/src/vendor/symfony/event-dispatcher/EventDispatcher.php(59): Symfony\Component\EventDispatcher\EventDispatcher->callListeners() #2 /var/www/html/orangehrm/hr/src/vendor/symfony/http-kernel/HttpKernel.php(151): Symfony\Component\EventDispatcher\EventDispatcher->dispatch() #3 /var/www/html/orangehrm/hr/src/vendor/symfony/http-kernel/HttpKernel.php(75): Symfony\Component\HttpKernel\HttpKernel->handleRaw() #4 /var/www/html/orangehrm/hr/src/lib/framework/Framework.php(156): Symfony\Component\HttpKernel\HttpKernel->handle() #5 /var/www/html/orangehrm/hr/web/index.php(41): OrangeHRM\Framework\Framework->handleRequest() #6 {main} [] []
[2024-11-04T09:07:04.756249+00:00] orangehrm.ERROR:  [] []
[2024-11-04T09:07:04.758153+00:00] orangehrm.ERROR: #0 /var/www/html/orangehrm/hr/src/vendor/symfony/event-dispatcher/EventDispatcher.php(230): OrangeHRM\Authentication\Subscriber\AuthenticationSubscriber->onControllerEvent() #1 /var/www/html/orangehrm/hr/src/vendor/symfony/event-dispatcher/EventDispatcher.php(59): Symfony\Component\EventDispatcher\EventDispatcher->callListeners() #2 /var/www/html/orangehrm/hr/src/vendor/symfony/http-kernel/HttpKernel.php(151): Symfony\Component\EventDispatcher\EventDispatcher->dispatch() #3 /var/www/html/orangehrm/hr/src/vendor/symfony/http-kernel/HttpKernel.php(75): Symfony\Component\HttpKernel\HttpKernel->handleRaw() #4 /var/www/html/orangehrm/hr/src/lib/framework/Framework.php(156): Symfony\Component\HttpKernel\HttpKernel->handle() #5 /var/www/html/orangehrm/hr/web/index.php(41): OrangeHRM\Framework\Framework->handleRequest() #6 {main} [] []
[2024-11-06T08:00:41.498743+00:00] orangehrm.ERROR:  [] []
[2024-11-06T08:00:41.500905+00:00] orangehrm.ERROR: #0 /var/www/html/orangehrm/hr/src/vendor/symfony/event-dispatcher/EventDispatcher.php(230): OrangeHRM\Authentication\Subscriber\AuthenticationSubscriber->onControllerEvent() #1 /var/www/html/orangehrm/hr/src/vendor/symfony/event-dispatcher/EventDispatcher.php(59): Symfony\Component\EventDispatcher\EventDispatcher->callListeners() #2 /var/www/html/orangehrm/hr/src/vendor/symfony/http-kernel/HttpKernel.php(151): Symfony\Component\EventDispatcher\EventDispatcher->dispatch() #3 /var/www/html/orangehrm/hr/src/vendor/symfony/http-kernel/HttpKernel.php(75): Symfony\Component\HttpKernel\HttpKernel->handleRaw() #4 /var/www/html/orangehrm/hr/src/lib/framework/Framework.php(156): Symfony\Component\HttpKernel\HttpKernel->handle() #5 /var/www/html/orangehrm/hr/web/index.php(41): OrangeHRM\Framework\Framework->handleRequest() #6 {main} [] []
[2024-11-06T09:27:37.924536+00:00] orangehrm.ERROR:  [] []
[2024-11-06T09:27:37.924924+00:00] orangehrm.ERROR: #0 /var/www/html/orangehrm/hr/src/vendor/symfony/event-dispatcher/EventDispatcher.php(230): OrangeHRM\Authentication\Subscriber\AuthenticationSubscriber->onControllerEvent() #1 /var/www/html/orangehrm/hr/src/vendor/symfony/event-dispatcher/EventDispatcher.php(59): Symfony\Component\EventDispatcher\EventDispatcher->callListeners() #2 /var/www/html/orangehrm/hr/src/vendor/symfony/http-kernel/HttpKernel.php(151): Symfony\Component\EventDispatcher\EventDispatcher->dispatch() #3 /var/www/html/orangehrm/hr/src/vendor/symfony/http-kernel/HttpKernel.php(75): Symfony\Component\HttpKernel\HttpKernel->handleRaw() #4 /var/www/html/orangehrm/hr/src/lib/framework/Framework.php(156): Symfony\Component\HttpKernel\HttpKernel->handle() #5 /var/www/html/orangehrm/hr/web/index.php(41): OrangeHRM\Framework\Framework->handleRequest() #6 {main} [] []
[2024-11-06T10:34:03.122250+00:00] orangehrm.ERROR:  [] []
[2024-11-06T10:34:03.122560+00:00] orangehrm.ERROR: #0 /var/www/html/orangehrm/hr/src/vendor/symfony/event-dispatcher/EventDispatcher.php(230): OrangeHRM\Authentication\Subscriber\AuthenticationSubscriber->onControllerEvent() #1 /var/www/html/orangehrm/hr/src/vendor/symfony/event-dispatcher/EventDispatcher.php(59): Symfony\Component\EventDispatcher\EventDispatcher->callListeners() #2 /var/www/html/orangehrm/hr/src/vendor/symfony/http-kernel/HttpKernel.php(151): Symfony\Component\EventDispatcher\EventDispatcher->dispatch() #3 /var/www/html/orangehrm/hr/src/vendor/symfony/http-kernel/HttpKernel.php(75): Symfony\Component\HttpKernel\HttpKernel->handleRaw() #4 /var/www/html/orangehrm/hr/src/lib/framework/Framework.php(156): Symfony\Component\HttpKernel\HttpKernel->handle() #5 /var/www/html/orangehrm/hr/web/index.php(41): OrangeHRM\Framework\Framework->handleRequest() #6 {main} [] []
[2024-11-06T13:50:37.871456+00:00] orangehrm.ERROR:  [] []
[2024-11-06T13:50:37.871772+00:00] orangehrm.ERROR: #0 /var/www/html/orangehrm/hr/src/vendor/symfony/event-dispatcher/EventDispatcher.php(230): OrangeHRM\Authentication\Subscriber\AuthenticationSubscriber->onControllerEvent() #1 /var/www/html/orangehrm/hr/src/vendor/symfony/event-dispatcher/EventDispatcher.php(59): Symfony\Component\EventDispatcher\EventDispatcher->callListeners() #2 /var/www/html/orangehrm/hr/src/vendor/symfony/http-kernel/HttpKernel.php(151): Symfony\Component\EventDispatcher\EventDispatcher->dispatch() #3 /var/www/html/orangehrm/hr/src/vendor/symfony/http-kernel/HttpKernel.php(75): Symfony\Component\HttpKernel\HttpKernel->handleRaw() #4 /var/www/html/orangehrm/hr/src/lib/framework/Framework.php(156): Symfony\Component\HttpKernel\HttpKernel->handle() #5 /var/www/html/orangehrm/hr/web/index.php(41): OrangeHRM\Framework\Framework->handleRequest() #6 {main} [] []
[2024-11-08T11:28:50.367257+00:00] orangehrm.ERROR:  [] []
[2024-11-08T11:28:50.385721+00:00] orangehrm.ERROR: #0 /var/www/html/orangehrm/hr/src/vendor/symfony/event-dispatcher/EventDispatcher.php(230): OrangeHRM\Authentication\Subscriber\AuthenticationSubscriber->onControllerEvent() #1 /var/www/html/orangehrm/hr/src/vendor/symfony/event-dispatcher/EventDispatcher.php(59): Symfony\Component\EventDispatcher\EventDispatcher->callListeners() #2 /var/www/html/orangehrm/hr/src/vendor/symfony/http-kernel/HttpKernel.php(151): Symfony\Component\EventDispatcher\EventDispatcher->dispatch() #3 /var/www/html/orangehrm/hr/src/vendor/symfony/http-kernel/HttpKernel.php(75): Symfony\Component\HttpKernel\HttpKernel->handleRaw() #4 /var/www/html/orangehrm/hr/src/lib/framework/Framework.php(156): Symfony\Component\HttpKernel\HttpKernel->handle() #5 /var/www/html/orangehrm/hr/web/index.php(41): OrangeHRM\Framework\Framework->handleRequest() #6 {main} [] []
[2024-11-08T13:25:42.082932+00:00] orangehrm.ERROR:  [] []
[2024-11-08T13:25:42.083228+00:00] orangehrm.ERROR: #0 /var/www/html/orangehrm/hr/src/vendor/symfony/event-dispatcher/EventDispatcher.php(230): OrangeHRM\Authentication\Subscriber\AuthenticationSubscriber->onControllerEvent() #1 /var/www/html/orangehrm/hr/src/vendor/symfony/event-dispatcher/EventDispatcher.php(59): Symfony\Component\EventDispatcher\EventDispatcher->callListeners() #2 /var/www/html/orangehrm/hr/src/vendor/symfony/http-kernel/HttpKernel.php(151): Symfony\Component\EventDispatcher\EventDispatcher->dispatch() #3 /var/www/html/orangehrm/hr/src/vendor/symfony/http-kernel/HttpKernel.php(75): Symfony\Component\HttpKernel\HttpKernel->handleRaw() #4 /var/www/html/orangehrm/hr/src/lib/framework/Framework.php(156): Symfony\Component\HttpKernel\HttpKernel->handle() #5 /var/www/html/orangehrm/hr/web/index.php(41): OrangeHRM\Framework\Framework->handleRequest() #6 {main} [] []
[2024-11-08T13:58:15.463011+00:00] orangehrm.ERROR:  [] []
[2024-11-08T13:58:15.463311+00:00] orangehrm.ERROR: #0 /var/www/html/orangehrm/hr/src/vendor/symfony/event-dispatcher/EventDispatcher.php(230): OrangeHRM\Authentication\Subscriber\AuthenticationSubscriber->onControllerEvent() #1 /var/www/html/orangehrm/hr/src/vendor/symfony/event-dispatcher/EventDispatcher.php(59): Symfony\Component\EventDispatcher\EventDispatcher->callListeners() #2 /var/www/html/orangehrm/hr/src/vendor/symfony/http-kernel/HttpKernel.php(151): Symfony\Component\EventDispatcher\EventDispatcher->dispatch() #3 /var/www/html/orangehrm/hr/src/vendor/symfony/http-kernel/HttpKernel.php(75): Symfony\Component\HttpKernel\HttpKernel->handleRaw() #4 /var/www/html/orangehrm/hr/src/lib/framework/Framework.php(156): Symfony\Component\HttpKernel\HttpKernel->handle() #5 /var/www/html/orangehrm/hr/web/index.php(41): OrangeHRM\Framework\Framework->handleRequest() #6 {main} [] []
[2024-11-11T17:07:14.935391+00:00] orangehrm.ERROR:  [] []
[2024-11-11T17:07:14.937206+00:00] orangehrm.ERROR: #0 /var/www/html/orangehrm/hr/src/vendor/symfony/event-dispatcher/EventDispatcher.php(230): OrangeHRM\Authentication\Subscriber\AuthenticationSubscriber->onControllerEvent() #1 /var/www/html/orangehrm/hr/src/vendor/symfony/event-dispatcher/EventDispatcher.php(59): Symfony\Component\EventDispatcher\EventDispatcher->callListeners() #2 /var/www/html/orangehrm/hr/src/vendor/symfony/http-kernel/HttpKernel.php(151): Symfony\Component\EventDispatcher\EventDispatcher->dispatch() #3 /var/www/html/orangehrm/hr/src/vendor/symfony/http-kernel/HttpKernel.php(75): Symfony\Component\HttpKernel\HttpKernel->handleRaw() #4 /var/www/html/orangehrm/hr/src/lib/framework/Framework.php(156): Symfony\Component\HttpKernel\HttpKernel->handle() #5 /var/www/html/orangehrm/hr/web/index.php(41): OrangeHRM\Framework\Framework->handleRequest() #6 {main} [] []
[2024-11-13T09:01:35.042324+00:00] orangehrm.ERROR:  [] []
[2024-11-13T09:01:35.062781+00:00] orangehrm.ERROR: #0 /var/www/html/orangehrm/hr/src/vendor/symfony/event-dispatcher/EventDispatcher.php(230): OrangeHRM\Authentication\Subscriber\AuthenticationSubscriber->onControllerEvent() #1 /var/www/html/orangehrm/hr/src/vendor/symfony/event-dispatcher/EventDispatcher.php(59): Symfony\Component\EventDispatcher\EventDispatcher->callListeners() #2 /var/www/html/orangehrm/hr/src/vendor/symfony/http-kernel/HttpKernel.php(151): Symfony\Component\EventDispatcher\EventDispatcher->dispatch() #3 /var/www/html/orangehrm/hr/src/vendor/symfony/http-kernel/HttpKernel.php(75): Symfony\Component\HttpKernel\HttpKernel->handleRaw() #4 /var/www/html/orangehrm/hr/src/lib/framework/Framework.php(156): Symfony\Component\HttpKernel\HttpKernel->handle() #5 /var/www/html/orangehrm/hr/web/index.php(41): OrangeHRM\Framework\Framework->handleRequest() #6 {main} [] []
[2024-11-13T09:24:22.081397+00:00] orangehrm.ERROR: No workflow item found for APPLY leave action! [] []
[2024-11-13T09:24:22.086482+00:00] orangehrm.ERROR: No workflow item found for APPLY leave action! [] []
[2024-11-13T09:24:22.091193+00:00] orangehrm.ERROR: No workflow item found for APPLY leave action! [] []
[2024-11-13T09:24:22.096028+00:00] orangehrm.ERROR: No workflow item found for APPLY leave action! [] []
[2024-11-13T09:24:22.109941+00:00] orangehrm.ERROR: No workflow item found for APPLY leave action! [] []
[2024-11-13T09:24:22.114339+00:00] orangehrm.ERROR: No workflow item found for APPLY leave action! [] []
[2024-11-13T09:24:22.118778+00:00] orangehrm.ERROR: No workflow item found for APPLY leave action! [] []
[2024-11-13T09:24:22.123230+00:00] orangehrm.ERROR: No workflow item found for APPLY leave action! [] []
[2024-11-13T09:24:22.127726+00:00] orangehrm.ERROR: No workflow item found for APPLY leave action! [] []
[2024-11-13T09:24:22.141091+00:00] orangehrm.ERROR: No workflow item found for APPLY leave action! [] []
[2024-11-13T09:24:22.150624+00:00] orangehrm.ERROR: No workflow item found for APPLY leave action! [] []
[2024-11-13T09:24:22.163642+00:00] orangehrm.ERROR: No workflow item found for APPLY leave action! [] []
[2024-11-13T09:24:22.173866+00:00] orangehrm.ERROR: No workflow item found for APPLY leave action! [] []
[2024-11-13T09:24:22.178324+00:00] orangehrm.ERROR: No workflow item found for APPLY leave action! [] []
[2024-11-13T09:24:22.191846+00:00] orangehrm.ERROR: No workflow item found for APPLY leave action! [] []
[2024-11-13T09:24:22.196602+00:00] orangehrm.ERROR: No workflow item found for APPLY leave action! [] []
[2024-11-13T09:24:22.201451+00:00] orangehrm.ERROR: No workflow item found for APPLY leave action! [] []
[2024-11-13T09:24:22.206133+00:00] orangehrm.ERROR: No workflow item found for APPLY leave action! [] []
[2024-11-13T09:24:22.210791+00:00] orangehrm.ERROR: No workflow item found for APPLY leave action! [] []
[2024-11-13T09:24:22.224431+00:00] orangehrm.ERROR: No workflow item found for APPLY leave action! [] []
[2024-11-13T09:24:22.228971+00:00] orangehrm.ERROR: No workflow item found for APPLY leave action! [] []
[2024-11-13T09:24:22.233587+00:00] orangehrm.ERROR: No workflow item found for APPLY leave action! [] []
[2024-11-13T09:24:22.238203+00:00] orangehrm.ERROR: No workflow item found for APPLY leave action! [] []
[2024-11-13T09:24:22.242621+00:00] orangehrm.ERROR: No workflow item found for APPLY leave action! [] []
[2024-11-13T09:24:22.255902+00:00] orangehrm.ERROR: No workflow item found for APPLY leave action! [] []
[2024-11-13T09:24:22.260294+00:00] orangehrm.ERROR: No workflow item found for APPLY leave action! [] []
[2024-11-13T09:24:22.264854+00:00] orangehrm.ERROR: No workflow item found for APPLY leave action! [] []
[2024-11-13T09:24:22.269385+00:00] orangehrm.ERROR: No workflow item found for APPLY leave action! [] []
[2024-11-13T09:24:22.273840+00:00] orangehrm.ERROR: No workflow item found for APPLY leave action! [] []
[2024-11-13T09:24:22.286894+00:00] orangehrm.ERROR: No workflow item found for APPLY leave action! [] []
[2024-11-13T09:24:22.294859+00:00] orangehrm.ERROR: No workflow item found for APPLY leave action! [] []
[2024-11-13T09:24:22.304910+00:00] orangehrm.ERROR: No workflow item found for APPLY leave action! [] []
[2024-11-13T09:24:22.309618+00:00] orangehrm.ERROR: No workflow item found for APPLY leave action! [] []
[2024-11-13T09:24:22.314057+00:00] orangehrm.ERROR: No workflow item found for APPLY leave action! [] []
[2024-11-13T09:24:22.328897+00:00] orangehrm.ERROR: No workflow item found for APPLY leave action! [] []
[2024-11-13T09:24:22.334640+00:00] orangehrm.ERROR: No workflow item found for APPLY leave action! [] []
[2024-11-13T09:24:22.339895+00:00] orangehrm.ERROR: No workflow item found for APPLY leave action! [] []
[2024-11-13T09:24:22.344968+00:00] orangehrm.ERROR: No workflow item found for APPLY leave action! [] []
[2024-11-13T09:24:22.349907+00:00] orangehrm.ERROR: No workflow item found for APPLY leave action! [] []
[2024-11-13T09:24:22.364688+00:00] orangehrm.ERROR: No workflow item found for APPLY leave action! [] []
[2024-11-13T09:24:22.369784+00:00] orangehrm.ERROR: No workflow item found for APPLY leave action! [] []
[2024-11-13T09:24:22.374766+00:00] orangehrm.ERROR: No workflow item found for APPLY leave action! [] []
[2024-11-13T09:24:22.379559+00:00] orangehrm.ERROR: No workflow item found for APPLY leave action! [] []
[2024-11-13T09:24:22.384397+00:00] orangehrm.ERROR: No workflow item found for APPLY leave action! [] []
[2024-11-13T09:24:22.398649+00:00] orangehrm.ERROR: No workflow item found for APPLY leave action! [] []
[2024-11-13T09:24:22.403521+00:00] orangehrm.ERROR: No workflow item found for APPLY leave action! [] []
[2024-11-13T09:24:22.408398+00:00] orangehrm.ERROR: No workflow item found for APPLY leave action! [] []
[2024-11-13T09:24:22.413156+00:00] orangehrm.ERROR: No workflow item found for APPLY leave action! [] []
[2024-11-13T09:24:22.417932+00:00] orangehrm.ERROR: No workflow item found for APPLY leave action! [] []
[2024-11-13T09:24:22.431902+00:00] orangehrm.ERROR: No workflow item found for APPLY leave action! [] []
[2024-11-13T09:24:22.436629+00:00] orangehrm.ERROR: No workflow item found for APPLY leave action! [] []
[2024-11-13T09:24:22.441424+00:00] orangehrm.ERROR: No workflow item found for APPLY leave action! [] []
[2024-11-13T09:24:22.446194+00:00] orangehrm.ERROR: No workflow item found for APPLY leave action! [] []
[2024-11-13T09:24:22.450853+00:00] orangehrm.ERROR: No workflow item found for APPLY leave action! [] []
[2024-11-13T09:24:22.464863+00:00] orangehrm.ERROR: No workflow item found for APPLY leave action! [] []
[2024-11-13T09:24:22.469598+00:00] orangehrm.ERROR: No workflow item found for APPLY leave action! [] []
[2024-11-13T09:24:22.474403+00:00] orangehrm.ERROR: No workflow item found for APPLY leave action! [] []
[2024-11-13T09:24:22.479333+00:00] orangehrm.ERROR: No workflow item found for APPLY leave action! [] []
[2024-11-13T09:24:22.484139+00:00] orangehrm.ERROR: No workflow item found for APPLY leave action! [] []
[2024-11-13T09:24:22.500429+00:00] orangehrm.ERROR: No workflow item found for APPLY leave action! [] []
[2024-11-13T09:24:22.506242+00:00] orangehrm.ERROR: No workflow item found for APPLY leave action! [] []
[2024-11-13T09:24:22.511487+00:00] orangehrm.ERROR: No workflow item found for APPLY leave action! [] []
[2024-11-13T09:24:22.516452+00:00] orangehrm.ERROR: No workflow item found for APPLY leave action! [] []
[2024-11-13T09:24:22.521371+00:00] orangehrm.ERROR: No workflow item found for APPLY leave action! [] []
[2024-11-13T09:24:22.543862+00:00] orangehrm.ERROR: No workflow item found for APPLY leave action! [] []
[2024-11-13T09:24:22.550179+00:00] orangehrm.ERROR: No workflow item found for APPLY leave action! [] []
[2024-11-13T09:24:22.555619+00:00] orangehrm.ERROR: No workflow item found for APPLY leave action! [] []
[2024-11-13T09:24:22.560752+00:00] orangehrm.ERROR: No workflow item found for APPLY leave action! [] []
[2024-11-13T09:24:22.566018+00:00] orangehrm.ERROR: No workflow item found for APPLY leave action! [] []
[2024-11-13T09:24:22.580700+00:00] orangehrm.ERROR: No workflow item found for APPLY leave action! [] []
[2024-11-13T09:24:22.585662+00:00] orangehrm.ERROR: No workflow item found for APPLY leave action! [] []
[2024-11-13T09:24:22.590495+00:00] orangehrm.ERROR: No workflow item found for APPLY leave action! [] []
[2024-11-13T09:24:22.595361+00:00] orangehrm.ERROR: No workflow item found for APPLY leave action! [] []
[2024-11-13T09:24:22.600090+00:00] orangehrm.ERROR: No workflow item found for APPLY leave action! [] []
[2024-11-13T09:24:22.614041+00:00] orangehrm.ERROR: No workflow item found for APPLY leave action! [] []
[2024-11-13T09:24:22.618717+00:00] orangehrm.ERROR: No workflow item found for APPLY leave action! [] []
[2024-11-13T09:24:22.623442+00:00] orangehrm.ERROR: No workflow item found for APPLY leave action! [] []
[2024-11-13T09:24:22.628101+00:00] orangehrm.ERROR: No workflow item found for APPLY leave action! [] []
[2024-11-13T09:24:22.632819+00:00] orangehrm.ERROR: No workflow item found for APPLY leave action! [] []
[2024-11-13T09:24:22.647022+00:00] orangehrm.ERROR: No workflow item found for APPLY leave action! [] []
[2024-11-13T09:24:22.651800+00:00] orangehrm.ERROR: No workflow item found for APPLY leave action! [] []
[2024-11-13T09:24:22.656553+00:00] orangehrm.ERROR: No workflow item found for APPLY leave action! [] []
[2024-11-13T09:24:22.666169+00:00] orangehrm.ERROR: No workflow item found for APPLY leave action! [] []
[2024-11-13T09:24:22.680260+00:00] orangehrm.ERROR: No workflow item found for APPLY leave action! [] []
[2024-11-13T09:24:22.684880+00:00] orangehrm.ERROR: No workflow item found for APPLY leave action! [] []
[2024-11-13T09:24:22.694558+00:00] orangehrm.ERROR: No workflow item found for APPLY leave action! [] []
[2024-11-13T09:24:22.699238+00:00] orangehrm.ERROR: No workflow item found for APPLY leave action! [] []
[2024-11-13T09:24:22.713672+00:00] orangehrm.ERROR: No workflow item found for APPLY leave action! [] []
[2024-11-13T09:24:22.718145+00:00] orangehrm.ERROR: No workflow item found for APPLY leave action! [] []
[2024-11-13T09:24:22.722962+00:00] orangehrm.ERROR: No workflow item found for APPLY leave action! [] []
[2024-11-13T09:24:22.727675+00:00] orangehrm.ERROR: No workflow item found for APPLY leave action! [] []
[2024-11-13T09:24:22.732179+00:00] orangehrm.ERROR: No workflow item found for APPLY leave action! [] []
[2024-11-13T09:24:22.745923+00:00] orangehrm.ERROR: No workflow item found for APPLY leave action! [] []
[2024-11-13T09:24:22.750615+00:00] orangehrm.ERROR: No workflow item found for APPLY leave action! [] []
[2024-11-13T09:24:22.757868+00:00] orangehrm.ERROR: No workflow item found for APPLY leave action! [] []
[2024-11-13T09:24:22.770239+00:00] orangehrm.ERROR: No workflow item found for APPLY leave action! [] []
[2024-11-13T09:24:22.776669+00:00] orangehrm.ERROR: No workflow item found for APPLY leave action! [] []
[2024-11-13T09:24:22.792273+00:00] orangehrm.ERROR: No workflow item found for APPLY leave action! [] []
[2024-11-13T09:24:22.797077+00:00] orangehrm.ERROR: No workflow item found for APPLY leave action! [] []
[2024-11-13T09:24:22.801938+00:00] orangehrm.ERROR: No workflow item found for APPLY leave action! [] []
[2024-11-13T09:24:22.806727+00:00] orangehrm.ERROR: No workflow item found for APPLY leave action! [] []
[2024-11-13T09:24:22.811496+00:00] orangehrm.ERROR: No workflow item found for APPLY leave action! [] []
[2024-11-13T09:24:22.825666+00:00] orangehrm.ERROR: No workflow item found for APPLY leave action! [] []
[2024-11-13T09:24:22.830475+00:00] orangehrm.ERROR: No workflow item found for APPLY leave action! [] []
[2024-11-13T09:24:22.835247+00:00] orangehrm.ERROR: No workflow item found for APPLY leave action! [] []
[2024-11-13T09:24:22.839976+00:00] orangehrm.ERROR: No workflow item found for APPLY leave action! [] []
[2024-11-13T09:24:22.844784+00:00] orangehrm.ERROR: No workflow item found for APPLY leave action! [] []
[2024-11-13T09:24:22.860686+00:00] orangehrm.ERROR: No workflow item found for APPLY leave action! [] []
[2024-11-13T09:24:22.866637+00:00] orangehrm.ERROR: No workflow item found for APPLY leave action! [] []
[2024-11-13T09:24:22.872640+00:00] orangehrm.ERROR: No workflow item found for APPLY leave action! [] []
[2024-11-13T09:24:22.878421+00:00] orangehrm.ERROR: No workflow item found for APPLY leave action! [] []
[2024-11-13T09:24:22.883763+00:00] orangehrm.ERROR: No workflow item found for APPLY leave action! [] []
[2024-11-13T09:24:22.899446+00:00] orangehrm.ERROR: No workflow item found for APPLY leave action! [] []
[2024-11-13T09:24:22.904747+00:00] orangehrm.ERROR: No workflow item found for APPLY leave action! [] []
[2024-11-13T09:24:22.909824+00:00] orangehrm.ERROR: No workflow item found for APPLY leave action! [] []
[2024-11-13T09:24:22.914617+00:00] orangehrm.ERROR: No workflow item found for APPLY leave action! [] []
[2024-11-13T09:24:22.919328+00:00] orangehrm.ERROR: No workflow item found for APPLY leave action! [] []
[2024-11-13T09:24:22.933163+00:00] orangehrm.ERROR: No workflow item found for APPLY leave action! [] []
[2024-11-13T09:24:22.937840+00:00] orangehrm.ERROR: No workflow item found for APPLY leave action! [] []
[2024-11-13T09:24:22.942404+00:00] orangehrm.ERROR: No workflow item found for APPLY leave action! [] []
[2024-11-13T09:24:22.946942+00:00] orangehrm.ERROR: No workflow item found for APPLY leave action! [] []
[2024-11-13T09:24:22.951490+00:00] orangehrm.ERROR: No workflow item found for APPLY leave action! [] []
[2024-11-13T09:24:22.965203+00:00] orangehrm.ERROR: No workflow item found for APPLY leave action! [] []
[2024-11-13T09:24:22.970125+00:00] orangehrm.ERROR: No workflow item found for APPLY leave action! [] []
[2024-11-13T09:24:22.974808+00:00] orangehrm.ERROR: No workflow item found for APPLY leave action! [] []
[2024-11-13T09:24:22.979418+00:00] orangehrm.ERROR: No workflow item found for APPLY leave action! [] []
[2024-11-13T09:24:22.984072+00:00] orangehrm.ERROR: No workflow item found for APPLY leave action! [] []
[2024-11-13T09:24:22.998853+00:00] orangehrm.ERROR: No workflow item found for APPLY leave action! [] []
[2024-11-13T09:24:23.003793+00:00] orangehrm.ERROR: No workflow item found for APPLY leave action! [] []
[2024-11-13T09:24:23.008767+00:00] orangehrm.ERROR: No workflow item found for APPLY leave action! [] []
[2024-11-13T09:24:23.013722+00:00] orangehrm.ERROR: No workflow item found for APPLY leave action! [] []
[2024-11-13T09:24:23.018687+00:00] orangehrm.ERROR: No workflow item found for APPLY leave action! [] []
[2024-11-13T09:24:23.033055+00:00] orangehrm.ERROR: No workflow item found for APPLY leave action! [] []
[2024-11-13T09:24:23.037982+00:00] orangehrm.ERROR: No workflow item found for APPLY leave action! [] []
[2024-11-13T09:24:23.043563+00:00] orangehrm.ERROR: No workflow item found for APPLY leave action! [] []
[2024-11-13T09:24:23.049189+00:00] orangehrm.ERROR: No workflow item found for APPLY leave action! [] []
[2024-11-13T09:24:23.054238+00:00] orangehrm.ERROR: No workflow item found for APPLY leave action! [] []
[2024-11-13T09:24:23.068540+00:00] orangehrm.ERROR: No workflow item found for APPLY leave action! [] []
[2024-11-13T09:24:23.073267+00:00] orangehrm.ERROR: No workflow item found for APPLY leave action! [] []
[2024-11-13T09:24:23.078058+00:00] orangehrm.ERROR: No workflow item found for APPLY leave action! [] []
[2024-11-13T09:24:23.086750+00:00] orangehrm.ERROR: No workflow item found for APPLY leave action! [] []
[2024-11-13T09:24:23.092432+00:00] orangehrm.ERROR: No workflow item found for APPLY leave action! [] []
[2024-11-13T09:24:23.108033+00:00] orangehrm.ERROR: No workflow item found for APPLY leave action! [] []
[2024-11-13T09:24:23.112829+00:00] orangehrm.ERROR: No workflow item found for APPLY leave action! [] []
[2024-11-13T09:24:23.117520+00:00] orangehrm.ERROR: No workflow item found for APPLY leave action! [] []
[2024-11-13T09:24:23.122131+00:00] orangehrm.ERROR: No workflow item found for APPLY leave action! [] []
[2024-11-13T09:24:23.126755+00:00] orangehrm.ERROR: No workflow item found for APPLY leave action! [] []
[2024-11-13T09:24:23.140443+00:00] orangehrm.ERROR: No workflow item found for APPLY leave action! [] []
[2024-11-13T09:24:23.145170+00:00] orangehrm.ERROR: No workflow item found for APPLY leave action! [] []
[2024-11-13T09:24:23.149860+00:00] orangehrm.ERROR: No workflow item found for APPLY leave action! [] []
[2024-11-13T09:24:23.154547+00:00] orangehrm.ERROR: No workflow item found for APPLY leave action! [] []
[2024-11-13T09:24:23.159204+00:00] orangehrm.ERROR: No workflow item found for APPLY leave action! [] []
[2024-11-13T09:24:23.173123+00:00] orangehrm.ERROR: No workflow item found for APPLY leave action! [] []
[2024-11-13T09:24:23.177828+00:00] orangehrm.ERROR: No workflow item found for APPLY leave action! [] []
[2024-11-13T09:24:23.182336+00:00] orangehrm.ERROR: No workflow item found for APPLY leave action! [] []
[2024-11-13T09:24:23.187099+00:00] orangehrm.ERROR: No workflow item found for APPLY leave action! [] []
[2024-11-13T09:24:23.191968+00:00] orangehrm.ERROR: No workflow item found for APPLY leave action! [] []
[2024-11-13T09:24:23.205774+00:00] orangehrm.ERROR: No workflow item found for APPLY leave action! [] []
[2024-11-13T09:24:23.210461+00:00] orangehrm.ERROR: No workflow item found for APPLY leave action! [] []
[2024-11-13T09:24:23.215063+00:00] orangehrm.ERROR: No workflow item found for APPLY leave action! [] []
[2024-11-13T09:24:23.224634+00:00] orangehrm.ERROR: No workflow item found for APPLY leave action! [] []
[2024-11-13T09:24:23.238576+00:00] orangehrm.ERROR: No workflow item found for APPLY leave action! [] []
[2024-11-13T09:24:23.243344+00:00] orangehrm.ERROR: No workflow item found for APPLY leave action! [] []
[2024-11-13T09:24:23.248142+00:00] orangehrm.ERROR: No workflow item found for APPLY leave action! [] []
[2024-11-13T09:24:23.252928+00:00] orangehrm.ERROR: No workflow item found for APPLY leave action! [] []
[2024-11-13T09:24:23.257694+00:00] orangehrm.ERROR: No workflow item found for APPLY leave action! [] []
[2024-11-13T09:24:23.271854+00:00] orangehrm.ERROR: No workflow item found for APPLY leave action! [] []
[2024-11-13T09:24:23.276531+00:00] orangehrm.ERROR: No workflow item found for APPLY leave action! [] []
[2024-11-13T09:24:23.281305+00:00] orangehrm.ERROR: No workflow item found for APPLY leave action! [] []
[2024-11-13T09:24:23.285993+00:00] orangehrm.ERROR: No workflow item found for APPLY leave action! [] []
[2024-11-13T09:24:23.290730+00:00] orangehrm.ERROR: No workflow item found for APPLY leave action! [] []
[2024-11-13T09:24:23.304982+00:00] orangehrm.ERROR: No workflow item found for APPLY leave action! [] []
[2024-11-13T09:24:23.310115+00:00] orangehrm.ERROR: No workflow item found for APPLY leave action! [] []
[2024-11-13T09:24:23.314995+00:00] orangehrm.ERROR: No workflow item found for APPLY leave action! [] []
[2024-11-13T09:24:23.319843+00:00] orangehrm.ERROR: No workflow item found for APPLY leave action! [] []
[2024-11-13T09:24:23.324609+00:00] orangehrm.ERROR: No workflow item found for APPLY leave action! [] []
[2024-11-13T09:24:23.338415+00:00] orangehrm.ERROR: No workflow item found for APPLY leave action! [] []
[2024-11-13T09:24:23.342998+00:00] orangehrm.ERROR: No workflow item found for APPLY leave action! [] []
[2024-11-13T09:24:23.347721+00:00] orangehrm.ERROR: No workflow item found for APPLY leave action! [] []
[2024-11-13T09:24:23.352518+00:00] orangehrm.ERROR: No workflow item found for APPLY leave action! [] []
[2024-11-13T09:24:23.357753+00:00] orangehrm.ERROR: No workflow item found for APPLY leave action! [] []
[2024-11-13T09:24:23.372908+00:00] orangehrm.ERROR: No workflow item found for APPLY leave action! [] []
[2024-11-13T09:24:23.377606+00:00] orangehrm.ERROR: No workflow item found for APPLY leave action! [] []
[2024-11-13T09:24:23.382377+00:00] orangehrm.ERROR: No workflow item found for APPLY leave action! [] []
[2024-11-13T09:24:23.387084+00:00] orangehrm.ERROR: No workflow item found for APPLY leave action! [] []
[2024-11-13T09:24:23.391805+00:00] orangehrm.ERROR: No workflow item found for APPLY leave action! [] []
[2024-11-13T09:24:23.405731+00:00] orangehrm.ERROR: No workflow item found for APPLY leave action! [] []
[2024-11-13T09:24:23.410435+00:00] orangehrm.ERROR: No workflow item found for APPLY leave action! [] []
[2024-11-13T09:24:23.415053+00:00] orangehrm.ERROR: No workflow item found for APPLY leave action! [] []
[2024-11-13T09:24:23.419693+00:00] orangehrm.ERROR: No workflow item found for APPLY leave action! [] []
[2024-11-13T09:24:23.424406+00:00] orangehrm.ERROR: No workflow item found for APPLY leave action! [] []
[2024-11-13T09:24:23.438361+00:00] orangehrm.ERROR: No workflow item found for APPLY leave action! [] []
[2024-11-13T09:24:23.443105+00:00] orangehrm.ERROR: No workflow item found for APPLY leave action! [] []
[2024-11-13T09:24:23.447845+00:00] orangehrm.ERROR: No workflow item found for APPLY leave action! [] []
[2024-11-13T09:24:23.452529+00:00] orangehrm.ERROR: No workflow item found for APPLY leave action! [] []
[2024-11-13T09:24:23.457449+00:00] orangehrm.ERROR: No workflow item found for APPLY leave action! [] []
[2024-11-13T09:24:23.470979+00:00] orangehrm.ERROR: No workflow item found for APPLY leave action! [] []
[2024-11-13T09:24:23.475628+00:00] orangehrm.ERROR: No workflow item found for APPLY leave action! [] []
[2024-11-13T09:24:23.480194+00:00] orangehrm.ERROR: No workflow item found for APPLY leave action! [] []
[2024-11-13T09:24:23.484813+00:00] orangehrm.ERROR: No workflow item found for APPLY leave action! [] []
[2024-11-13T09:24:23.489490+00:00] orangehrm.ERROR: No workflow item found for APPLY leave action! [] []
[2024-11-13T09:24:23.503458+00:00] orangehrm.ERROR: No workflow item found for APPLY leave action! [] []
[2024-11-13T09:24:23.508434+00:00] orangehrm.ERROR: No workflow item found for APPLY leave action! [] []
[2024-11-13T09:24:23.513197+00:00] orangehrm.ERROR: No workflow item found for APPLY leave action! [] []
[2024-11-13T09:24:23.517949+00:00] orangehrm.ERROR: No workflow item found for APPLY leave action! [] []
[2024-11-13T09:24:23.522779+00:00] orangehrm.ERROR: No workflow item found for APPLY leave action! [] []
[2024-11-13T09:24:23.537103+00:00] orangehrm.ERROR: No workflow item found for APPLY leave action! [] []
[2024-11-13T09:24:23.541783+00:00] orangehrm.ERROR: No workflow item found for APPLY leave action! [] []
[2024-11-13T09:24:23.546464+00:00] orangehrm.ERROR: No workflow item found for APPLY leave action! [] []
[2024-11-13T09:24:23.551186+00:00] orangehrm.ERROR: No workflow item found for APPLY leave action! [] []
[2024-11-13T09:24:23.555984+00:00] orangehrm.ERROR: No workflow item found for APPLY leave action! [] []
[2024-11-13T09:24:23.569959+00:00] orangehrm.ERROR: No workflow item found for APPLY leave action! [] []
[2024-11-13T09:24:23.574607+00:00] orangehrm.ERROR: No workflow item found for APPLY leave action! [] []
[2024-11-13T09:24:23.579254+00:00] orangehrm.ERROR: No workflow item found for APPLY leave action! [] []
[2024-11-13T09:24:23.583931+00:00] orangehrm.ERROR: No workflow item found for APPLY leave action! [] []
[2024-11-13T09:24:23.603637+00:00] orangehrm.ERROR: No workflow item found for APPLY leave action! [] []
[2024-11-13T09:24:23.608389+00:00] orangehrm.ERROR: No workflow item found for APPLY leave action! [] []
[2024-11-13T09:24:23.613567+00:00] orangehrm.ERROR: No workflow item found for APPLY leave action! [] []
[2024-11-13T09:24:23.618605+00:00] orangehrm.ERROR: No workflow item found for APPLY leave action! [] []
[2024-11-13T09:24:23.623269+00:00] orangehrm.ERROR: No workflow item found for APPLY leave action! [] []
[2024-11-13T09:24:23.636787+00:00] orangehrm.ERROR: No workflow item found for APPLY leave action! [] []
[2024-11-13T09:24:23.641452+00:00] orangehrm.ERROR: No workflow item found for APPLY leave action! [] []
[2024-11-13T09:24:23.646107+00:00] orangehrm.ERROR: No workflow item found for APPLY leave action! [] []
[2024-11-13T09:24:23.650863+00:00] orangehrm.ERROR: No workflow item found for APPLY leave action! [] []
[2024-11-13T09:24:23.655772+00:00] orangehrm.ERROR: No workflow item found for APPLY leave action! [] []
[2024-11-13T09:24:23.670267+00:00] orangehrm.ERROR: No workflow item found for APPLY leave action! [] []
[2024-11-13T09:24:23.675324+00:00] orangehrm.ERROR: No workflow item found for APPLY leave action! [] []
[2024-11-13T09:24:23.680245+00:00] orangehrm.ERROR: No workflow item found for APPLY leave action! [] []
[2024-11-13T09:24:23.684983+00:00] orangehrm.ERROR: No workflow item found for APPLY leave action! [] []
[2024-11-13T09:24:23.689843+00:00] orangehrm.ERROR: No workflow item found for APPLY leave action! [] []
[2024-11-13T09:24:23.704162+00:00] orangehrm.ERROR: No workflow item found for APPLY leave action! [] []
[2024-11-13T09:24:23.709274+00:00] orangehrm.ERROR: No workflow item found for APPLY leave action! [] []
[2024-11-13T09:24:23.713829+00:00] orangehrm.ERROR: No workflow item found for APPLY leave action! [] []
[2024-11-13T09:24:23.718416+00:00] orangehrm.ERROR: No workflow item found for APPLY leave action! [] []
[2024-11-13T09:24:23.723008+00:00] orangehrm.ERROR: No workflow item found for APPLY leave action! [] []
[2024-11-13T09:24:23.736503+00:00] orangehrm.ERROR: No workflow item found for APPLY leave action! [] []
[2024-11-13T09:24:23.741266+00:00] orangehrm.ERROR: No workflow item found for APPLY leave action! [] []
[2024-11-13T09:24:23.745887+00:00] orangehrm.ERROR: No workflow item found for APPLY leave action! [] []
[2024-11-13T09:24:23.750524+00:00] orangehrm.ERROR: No workflow item found for APPLY leave action! [] []
[2024-11-13T09:24:23.755251+00:00] orangehrm.ERROR: No workflow item found for APPLY leave action! [] []
[2024-11-13T09:24:23.769159+00:00] orangehrm.ERROR: No workflow item found for APPLY leave action! [] []
[2024-11-13T09:24:23.773752+00:00] orangehrm.ERROR: No workflow item found for APPLY leave action! [] []
[2024-11-13T09:24:23.778392+00:00] orangehrm.ERROR: No workflow item found for APPLY leave action! [] []
[2024-11-13T09:24:23.783067+00:00] orangehrm.ERROR: No workflow item found for APPLY leave action! [] []
[2024-11-13T09:24:23.787678+00:00] orangehrm.ERROR: No workflow item found for APPLY leave action! [] []
[2024-11-13T09:24:23.802156+00:00] orangehrm.ERROR: No workflow item found for APPLY leave action! [] []
[2024-11-13T09:24:23.806744+00:00] orangehrm.ERROR: No workflow item found for APPLY leave action! [] []
[2024-11-13T09:24:23.811318+00:00] orangehrm.ERROR: No workflow item found for APPLY leave action! [] []
[2024-11-13T09:24:23.815916+00:00] orangehrm.ERROR: No workflow item found for APPLY leave action! [] []
[2024-11-13T09:24:23.820583+00:00] orangehrm.ERROR: No workflow item found for APPLY leave action! [] []
[2024-11-13T09:24:23.834369+00:00] orangehrm.ERROR: No workflow item found for APPLY leave action! [] []
[2024-11-13T09:24:23.838953+00:00] orangehrm.ERROR: No workflow item found for APPLY leave action! [] []
[2024-11-13T09:24:23.853350+00:00] orangehrm.ERROR: No workflow item found for APPLY leave action! [] []
[2024-11-13T09:24:23.867125+00:00] orangehrm.ERROR: No workflow item found for APPLY leave action! [] []
[2024-11-13T09:24:23.871717+00:00] orangehrm.ERROR: No workflow item found for APPLY leave action! [] []
[2024-11-13T09:25:56.801111+00:00] orangehrm.ERROR: No workflow item found for APPLY leave action! [] []
[2024-11-13T09:25:56.805779+00:00] orangehrm.ERROR: No workflow item found for APPLY leave action! [] []
[2024-11-13T09:25:56.810162+00:00] orangehrm.ERROR: No workflow item found for APPLY leave action! [] []
[2024-11-13T09:25:56.814663+00:00] orangehrm.ERROR: No workflow item found for APPLY leave action! [] []
[2024-11-13T09:25:56.819224+00:00] orangehrm.ERROR: No workflow item found for APPLY leave action! [] []
[2024-11-13T09:25:56.834260+00:00] orangehrm.ERROR: No workflow item found for APPLY leave action! [] []
[2024-11-13T09:25:56.839113+00:00] orangehrm.ERROR: No workflow item found for APPLY leave action! [] []
[2024-11-13T09:25:56.843921+00:00] orangehrm.ERROR: No workflow item found for APPLY leave action! [] []
[2024-11-13T09:25:56.848695+00:00] orangehrm.ERROR: No workflow item found for APPLY leave action! [] []
[2024-11-13T09:25:56.853529+00:00] orangehrm.ERROR: No workflow item found for APPLY leave action! [] []
[2024-11-13T09:25:56.867702+00:00] orangehrm.ERROR: No workflow item found for APPLY leave action! [] []
[2024-11-13T09:25:56.872551+00:00] orangehrm.ERROR: No workflow item found for APPLY leave action! [] []
[2024-11-13T09:25:56.877480+00:00] orangehrm.ERROR: No workflow item found for APPLY leave action! [] []
[2024-11-13T09:25:56.882312+00:00] orangehrm.ERROR: No workflow item found for APPLY leave action! [] []
[2024-11-13T09:25:56.887079+00:00] orangehrm.ERROR: No workflow item found for APPLY leave action! [] []
[2024-11-13T09:25:56.905368+00:00] orangehrm.ERROR: No workflow item found for APPLY leave action! [] []
[2024-11-13T09:25:56.917367+00:00] orangehrm.ERROR: No workflow item found for APPLY leave action! [] []
[2024-11-13T09:25:56.924376+00:00] orangehrm.ERROR: No workflow item found for APPLY leave action! [] []
[2024-11-13T09:25:56.930152+00:00] orangehrm.ERROR: No workflow item found for APPLY leave action! [] []
[2024-11-13T09:25:56.935197+00:00] orangehrm.ERROR: No workflow item found for APPLY leave action! [] []
[2024-11-13T09:25:56.949990+00:00] orangehrm.ERROR: No workflow item found for APPLY leave action! [] []
[2024-11-13T09:25:56.954866+00:00] orangehrm.ERROR: No workflow item found for APPLY leave action! [] []
[2024-11-13T09:25:56.959668+00:00] orangehrm.ERROR: No workflow item found for APPLY leave action! [] []
[2024-11-13T09:25:56.964438+00:00] orangehrm.ERROR: No workflow item found for APPLY leave action! [] []
[2024-11-13T09:25:56.969385+00:00] orangehrm.ERROR: No workflow item found for APPLY leave action! [] []
[2024-11-13T09:25:56.984446+00:00] orangehrm.ERROR: No workflow item found for APPLY leave action! [] []
[2024-11-13T09:25:56.989413+00:00] orangehrm.ERROR: No workflow item found for APPLY leave action! [] []
[2024-11-13T09:25:56.994341+00:00] orangehrm.ERROR: No workflow item found for APPLY leave action! [] []
[2024-11-13T09:25:56.999269+00:00] orangehrm.ERROR: No workflow item found for APPLY leave action! [] []
[2024-11-13T09:25:57.007535+00:00] orangehrm.ERROR: No workflow item found for APPLY leave action! [] []
[2024-11-13T09:25:57.028440+00:00] orangehrm.ERROR: No workflow item found for APPLY leave action! [] []
[2024-11-13T09:25:57.033426+00:00] orangehrm.ERROR: No workflow item found for APPLY leave action! [] []
[2024-11-13T09:25:57.038294+00:00] orangehrm.ERROR: No workflow item found for APPLY leave action! [] []
[2024-11-13T09:25:57.047175+00:00] orangehrm.ERROR: No workflow item found for APPLY leave action! [] []
[2024-11-13T09:25:57.054784+00:00] orangehrm.ERROR: No workflow item found for APPLY leave action! [] []
[2024-11-13T09:25:57.069541+00:00] orangehrm.ERROR: No workflow item found for APPLY leave action! [] []
[2024-11-13T09:25:57.074008+00:00] orangehrm.ERROR: No workflow item found for APPLY leave action! [] []
[2024-11-13T09:25:57.087430+00:00] orangehrm.ERROR: No workflow item found for APPLY leave action! [] []
[2024-11-13T09:25:57.100541+00:00] orangehrm.ERROR: No workflow item found for APPLY leave action! [] []
[2024-11-13T09:25:57.105555+00:00] orangehrm.ERROR: No workflow item found for APPLY leave action! [] []
[2024-11-13T09:29:51.101151+00:00] orangehrm.ERROR:  [] []
[2024-11-13T09:29:51.101377+00:00] orangehrm.ERROR: #0 /var/www/html/orangehrm/hr/src/vendor/symfony/event-dispatcher/EventDispatcher.php(230): OrangeHRM\Authentication\Subscriber\AuthenticationSubscriber->onControllerEvent() #1 /var/www/html/orangehrm/hr/src/vendor/symfony/event-dispatcher/EventDispatcher.php(59): Symfony\Component\EventDispatcher\EventDispatcher->callListeners() #2 /var/www/html/orangehrm/hr/src/vendor/symfony/http-kernel/HttpKernel.php(151): Symfony\Component\EventDispatcher\EventDispatcher->dispatch() #3 /var/www/html/orangehrm/hr/src/vendor/symfony/http-kernel/HttpKernel.php(75): Symfony\Component\HttpKernel\HttpKernel->handleRaw() #4 /var/www/html/orangehrm/hr/src/lib/framework/Framework.php(156): Symfony\Component\HttpKernel\HttpKernel->handle() #5 /var/www/html/orangehrm/hr/web/index.php(41): OrangeHRM\Framework\Framework->handleRequest() #6 {main} [] []
[2024-11-13T09:34:51.129339+00:00] orangehrm.ERROR:  [] []
[2024-11-13T09:34:51.129598+00:00] orangehrm.ERROR: #0 /var/www/html/orangehrm/hr/src/vendor/symfony/event-dispatcher/EventDispatcher.php(230): OrangeHRM\Authentication\Subscriber\AuthenticationSubscriber->onControllerEvent() #1 /var/www/html/orangehrm/hr/src/vendor/symfony/event-dispatcher/EventDispatcher.php(59): Symfony\Component\EventDispatcher\EventDispatcher->callListeners() #2 /var/www/html/orangehrm/hr/src/vendor/symfony/http-kernel/HttpKernel.php(151): Symfony\Component\EventDispatcher\EventDispatcher->dispatch() #3 /var/www/html/orangehrm/hr/src/vendor/symfony/http-kernel/HttpKernel.php(75): Symfony\Component\HttpKernel\HttpKernel->handleRaw() #4 /var/www/html/orangehrm/hr/src/lib/framework/Framework.php(156): Symfony\Component\HttpKernel\HttpKernel->handle() #5 /var/www/html/orangehrm/hr/web/index.php(41): OrangeHRM\Framework\Framework->handleRequest() #6 {main} [] []
[2024-11-13T09:43:15.188641+00:00] orangehrm.ERROR:  [] []
[2024-11-13T09:43:15.188939+00:00] orangehrm.ERROR: #0 /var/www/html/orangehrm/hr/src/vendor/symfony/event-dispatcher/EventDispatcher.php(230): OrangeHRM\Authentication\Subscriber\AuthenticationSubscriber->onControllerEvent() #1 /var/www/html/orangehrm/hr/src/vendor/symfony/event-dispatcher/EventDispatcher.php(59): Symfony\Component\EventDispatcher\EventDispatcher->callListeners() #2 /var/www/html/orangehrm/hr/src/vendor/symfony/http-kernel/HttpKernel.php(151): Symfony\Component\EventDispatcher\EventDispatcher->dispatch() #3 /var/www/html/orangehrm/hr/src/vendor/symfony/http-kernel/HttpKernel.php(75): Symfony\Component\HttpKernel\HttpKernel->handleRaw() #4 /var/www/html/orangehrm/hr/src/lib/framework/Framework.php(156): Symfony\Component\HttpKernel\HttpKernel->handle() #5 /var/www/html/orangehrm/hr/web/index.php(41): OrangeHRM\Framework\Framework->handleRequest() #6 {main} [] []
[2024-11-13T10:27:40.687131+00:00] orangehrm.ERROR:  [] []
[2024-11-13T10:27:40.687420+00:00] orangehrm.ERROR: #0 /var/www/html/orangehrm/hr/src/vendor/symfony/event-dispatcher/EventDispatcher.php(230): OrangeHRM\Authentication\Subscriber\AuthenticationSubscriber->onControllerEvent() #1 /var/www/html/orangehrm/hr/src/vendor/symfony/event-dispatcher/EventDispatcher.php(59): Symfony\Component\EventDispatcher\EventDispatcher->callListeners() #2 /var/www/html/orangehrm/hr/src/vendor/symfony/http-kernel/HttpKernel.php(151): Symfony\Component\EventDispatcher\EventDispatcher->dispatch() #3 /var/www/html/orangehrm/hr/src/vendor/symfony/http-kernel/HttpKernel.php(75): Symfony\Component\HttpKernel\HttpKernel->handleRaw() #4 /var/www/html/orangehrm/hr/src/lib/framework/Framework.php(156): Symfony\Component\HttpKernel\HttpKernel->handle() #5 /var/www/html/orangehrm/hr/web/index.php(41): OrangeHRM\Framework\Framework->handleRequest() #6 {main} [] []
[2024-11-13T11:06:04.515027+00:00] orangehrm.ERROR:  [] []
[2024-11-13T11:06:04.515257+00:00] orangehrm.ERROR: #0 /var/www/html/orangehrm/hr/src/vendor/symfony/event-dispatcher/EventDispatcher.php(230): OrangeHRM\Authentication\Subscriber\AuthenticationSubscriber->onControllerEvent() #1 /var/www/html/orangehrm/hr/src/vendor/symfony/event-dispatcher/EventDispatcher.php(59): Symfony\Component\EventDispatcher\EventDispatcher->callListeners() #2 /var/www/html/orangehrm/hr/src/vendor/symfony/http-kernel/HttpKernel.php(151): Symfony\Component\EventDispatcher\EventDispatcher->dispatch() #3 /var/www/html/orangehrm/hr/src/vendor/symfony/http-kernel/HttpKernel.php(75): Symfony\Component\HttpKernel\HttpKernel->handleRaw() #4 /var/www/html/orangehrm/hr/src/lib/framework/Framework.php(156): Symfony\Component\HttpKernel\HttpKernel->handle() #5 /var/www/html/orangehrm/hr/web/index.php(41): OrangeHRM\Framework\Framework->handleRequest() #6 {main} [] []
[2024-11-13T11:06:41.906911+00:00] orangehrm.ERROR:  [] []
[2024-11-13T11:06:41.907157+00:00] orangehrm.ERROR: #0 /var/www/html/orangehrm/hr/src/vendor/symfony/event-dispatcher/EventDispatcher.php(230): OrangeHRM\Authentication\Subscriber\AuthenticationSubscriber->onControllerEvent() #1 /var/www/html/orangehrm/hr/src/vendor/symfony/event-dispatcher/EventDispatcher.php(59): Symfony\Component\EventDispatcher\EventDispatcher->callListeners() #2 /var/www/html/orangehrm/hr/src/vendor/symfony/http-kernel/HttpKernel.php(151): Symfony\Component\EventDispatcher\EventDispatcher->dispatch() #3 /var/www/html/orangehrm/hr/src/vendor/symfony/http-kernel/HttpKernel.php(75): Symfony\Component\HttpKernel\HttpKernel->handleRaw() #4 /var/www/html/orangehrm/hr/src/lib/framework/Framework.php(156): Symfony\Component\HttpKernel\HttpKernel->handle() #5 /var/www/html/orangehrm/hr/web/index.php(41): OrangeHRM\Framework\Framework->handleRequest() #6 {main} [] []
[2024-11-13T11:06:44.956967+00:00] orangehrm.ERROR:  [] []
[2024-11-13T11:06:44.957194+00:00] orangehrm.ERROR: #0 /var/www/html/orangehrm/hr/src/vendor/symfony/event-dispatcher/EventDispatcher.php(230): OrangeHRM\Authentication\Subscriber\AuthenticationSubscriber->onControllerEvent() #1 /var/www/html/orangehrm/hr/src/vendor/symfony/event-dispatcher/EventDispatcher.php(59): Symfony\Component\EventDispatcher\EventDispatcher->callListeners() #2 /var/www/html/orangehrm/hr/src/vendor/symfony/http-kernel/HttpKernel.php(151): Symfony\Component\EventDispatcher\EventDispatcher->dispatch() #3 /var/www/html/orangehrm/hr/src/vendor/symfony/http-kernel/HttpKernel.php(75): Symfony\Component\HttpKernel\HttpKernel->handleRaw() #4 /var/www/html/orangehrm/hr/src/lib/framework/Framework.php(156): Symfony\Component\HttpKernel\HttpKernel->handle() #5 /var/www/html/orangehrm/hr/web/index.php(41): OrangeHRM\Framework\Framework->handleRequest() #6 {main} [] []
[2024-11-13T12:46:52.260449+00:00] orangehrm.ERROR:  [] []
[2024-11-13T12:46:52.260753+00:00] orangehrm.ERROR: #0 /var/www/html/orangehrm/hr/src/vendor/symfony/event-dispatcher/EventDispatcher.php(230): OrangeHRM\Authentication\Subscriber\AuthenticationSubscriber->onControllerEvent() #1 /var/www/html/orangehrm/hr/src/vendor/symfony/event-dispatcher/EventDispatcher.php(59): Symfony\Component\EventDispatcher\EventDispatcher->callListeners() #2 /var/www/html/orangehrm/hr/src/vendor/symfony/http-kernel/HttpKernel.php(151): Symfony\Component\EventDispatcher\EventDispatcher->dispatch() #3 /var/www/html/orangehrm/hr/src/vendor/symfony/http-kernel/HttpKernel.php(75): Symfony\Component\HttpKernel\HttpKernel->handleRaw() #4 /var/www/html/orangehrm/hr/src/lib/framework/Framework.php(156): Symfony\Component\HttpKernel\HttpKernel->handle() #5 /var/www/html/orangehrm/hr/web/index.php(41): OrangeHRM\Framework\Framework->handleRequest() #6 {main} [] []
[2024-11-13T13:03:03.302751+00:00] orangehrm.ERROR:  [] []
[2024-11-13T13:03:03.303001+00:00] orangehrm.ERROR: #0 /var/www/html/orangehrm/hr/src/vendor/symfony/event-dispatcher/EventDispatcher.php(230): OrangeHRM\Authentication\Subscriber\AuthenticationSubscriber->onControllerEvent() #1 /var/www/html/orangehrm/hr/src/vendor/symfony/event-dispatcher/EventDispatcher.php(59): Symfony\Component\EventDispatcher\EventDispatcher->callListeners() #2 /var/www/html/orangehrm/hr/src/vendor/symfony/http-kernel/HttpKernel.php(151): Symfony\Component\EventDispatcher\EventDispatcher->dispatch() #3 /var/www/html/orangehrm/hr/src/vendor/symfony/http-kernel/HttpKernel.php(75): Symfony\Component\HttpKernel\HttpKernel->handleRaw() #4 /var/www/html/orangehrm/hr/src/lib/framework/Framework.php(156): Symfony\Component\HttpKernel\HttpKernel->handle() #5 /var/www/html/orangehrm/hr/web/index.php(41): OrangeHRM\Framework\Framework->handleRequest() #6 {main} [] []
[2024-11-13T13:09:28.516698+00:00] orangehrm.ERROR:  [] []
[2024-11-13T13:09:28.516946+00:00] orangehrm.ERROR: #0 /var/www/html/orangehrm/hr/src/vendor/symfony/event-dispatcher/EventDispatcher.php(230): OrangeHRM\Authentication\Subscriber\AuthenticationSubscriber->onControllerEvent() #1 /var/www/html/orangehrm/hr/src/vendor/symfony/event-dispatcher/EventDispatcher.php(59): Symfony\Component\EventDispatcher\EventDispatcher->callListeners() #2 /var/www/html/orangehrm/hr/src/vendor/symfony/http-kernel/HttpKernel.php(151): Symfony\Component\EventDispatcher\EventDispatcher->dispatch() #3 /var/www/html/orangehrm/hr/src/vendor/symfony/http-kernel/HttpKernel.php(75): Symfony\Component\HttpKernel\HttpKernel->handleRaw() #4 /var/www/html/orangehrm/hr/src/lib/framework/Framework.php(156): Symfony\Component\HttpKernel\HttpKernel->handle() #5 /var/www/html/orangehrm/hr/web/index.php(41): OrangeHRM\Framework\Framework->handleRequest() #6 {main} [] []
[2024-11-13T14:48:31.679182+00:00] orangehrm.ERROR:  [] []
[2024-11-13T14:48:31.679416+00:00] orangehrm.ERROR: #0 /var/www/html/orangehrm/hr/src/vendor/symfony/event-dispatcher/EventDispatcher.php(230): OrangeHRM\Authentication\Subscriber\AuthenticationSubscriber->onControllerEvent() #1 /var/www/html/orangehrm/hr/src/vendor/symfony/event-dispatcher/EventDispatcher.php(59): Symfony\Component\EventDispatcher\EventDispatcher->callListeners() #2 /var/www/html/orangehrm/hr/src/vendor/symfony/http-kernel/HttpKernel.php(151): Symfony\Component\EventDispatcher\EventDispatcher->dispatch() #3 /var/www/html/orangehrm/hr/src/vendor/symfony/http-kernel/HttpKernel.php(75): Symfony\Component\HttpKernel\HttpKernel->handleRaw() #4 /var/www/html/orangehrm/hr/src/lib/framework/Framework.php(156): Symfony\Component\HttpKernel\HttpKernel->handle() #5 /var/www/html/orangehrm/hr/web/index.php(41): OrangeHRM\Framework\Framework->handleRequest() #6 {main} [] []
